# JRE version: Java(TM) SE Runtime Environment 18.9 (11.0.17+10) (build 11.0.17+10-LTS-269)
# Java VM: Java HotSpot(TM) 64-Bit Server VM 18.9 (11.0.17+10-LTS-269, mixed mode, tiered, compressed oops, g1 gc, windows-amd64)
Heap:
 garbage-first heap   total 305152K, used 33125K [0x0000000709600000, 0x0000000800000000)
  region size 1024K, 23 young (23552K), 10 survivors (10240K)
 Metaspace       used 49545K, capacity 50882K, committed 51152K, reserved 1093632K
  class space    used 6377K, capacity 6918K, committed 7040K, reserved 1048576K
GC Heap History (10 events):
Event: 0.479 GC heap before
{Heap before GC invocations=0 (full 0):
 garbage-first heap   total 253952K, used 25600K [0x0000000709600000, 0x0000000800000000)
  region size 1024K, 24 young (24576K), 0 survivors (0K)
 Metaspace       used 11022K, capacity 11252K, committed 11520K, reserved 1058816K
  class space    used 1130K, capacity 1224K, committed 1280K, reserved 1048576K
}
Event: 0.482 GC heap after
{Heap after GC invocations=1 (full 0):
 garbage-first heap   total 253952K, used 6575K [0x0000000709600000, 0x0000000800000000)
  region size 1024K, 3 young (3072K), 3 survivors (3072K)
 Metaspace       used 11022K, capacity 11252K, committed 11520K, reserved 1058816K
  class space    used 1130K, capacity 1224K, committed 1280K, reserved 1048576K
}
Event: 0.942 GC heap before
{Heap before GC invocations=1 (full 0):
 garbage-first heap   total 253952K, used 63919K [0x0000000709600000, 0x0000000800000000)
  region size 1024K, 60 young (61440K), 3 survivors (3072K)
 Metaspace       used 20594K, capacity 21152K, committed 21296K, reserved 1069056K
  class space    used 2371K, capacity 2605K, committed 2688K, reserved 1048576K
}
Event: 0.947 GC heap after
{Heap after GC invocations=2 (full 0):
 garbage-first heap   total 253952K, used 9001K [0x0000000709600000, 0x0000000800000000)
  region size 1024K, 6 young (6144K), 6 survivors (6144K)
 Metaspace       used 20594K, capacity 21152K, committed 21296K, reserved 1069056K
  class space    used 2371K, capacity 2605K, committed 2688K, reserved 1048576K
}
Event: 1.467 GC heap before
{Heap before GC invocations=3 (full 0):
 garbage-first heap   total 253952K, used 68393K [0x0000000709600000, 0x0000000800000000)
  region size 1024K, 64 young (65536K), 6 survivors (6144K)
 Metaspace       used 24313K, capacity 25127K, committed 25264K, reserved 1071104K
  class space    used 2913K, capacity 3228K, committed 3328K, reserved 1048576K
}
Event: 1.475 GC heap after
{Heap after GC invocations=4 (full 0):
 garbage-first heap   total 253952K, used 11493K [0x0000000709600000, 0x0000000800000000)
  region size 1024K, 5 young (5120K), 5 survivors (5120K)
 Metaspace       used 24313K, capacity 25127K, committed 25264K, reserved 1071104K
  class space    used 2913K, capacity 3228K, committed 3328K, reserved 1048576K
}
Event: 2.405 GC heap before
{Heap before GC invocations=4 (full 0):
 garbage-first heap   total 253952K, used 101605K [0x0000000709600000, 0x0000000800000000)
  region size 1024K, 94 young (96256K), 5 survivors (5120K)
 Metaspace       used 34756K, capacity 35836K, committed 35920K, reserved 1081344K
  class space    used 4152K, capacity 4577K, committed 4608K, reserved 1048576K
}
Event: 2.416 GC heap after
{Heap after GC invocations=5 (full 0):
 garbage-first heap   total 253952K, used 17488K [0x0000000709600000, 0x0000000800000000)
  region size 1024K, 11 young (11264K), 11 survivors (11264K)
 Metaspace       used 34756K, capacity 35836K, committed 35920K, reserved 1081344K
  class space    used 4152K, capacity 4577K, committed 4608K, reserved 1048576K
}
Event: 3.302 GC heap before
{Heap before GC invocations=6 (full 0):
 garbage-first heap   total 253952K, used 131152K [0x0000000709600000, 0x0000000800000000)
  region size 1024K, 122 young (124928K), 11 survivors (11264K)
 Metaspace       used 47974K, capacity 49271K, committed 49616K, reserved 1091584K
  class space    used 6161K, capacity 6679K, committed 6784K, reserved 1048576K
}
Event: 3.312 GC heap after
{Heap after GC invocations=7 (full 0):
 garbage-first heap   total 305152K, used 20837K [0x0000000709600000, 0x0000000800000000)
  region size 1024K, 10 young (10240K), 10 survivors (10240K)
 Metaspace       used 47974K, capacity 49271K, committed 49616K, reserved 1091584K
  class space    used 6161K, capacity 6679K, committed 6784K, reserved 1048576K
}

